2025-12-17 18:54:54 - MacroTool - INFO - [1m=== 全能宏工具 (by gogei) ===[0m
2025-12-17 18:54:54 - MacroTool - INFO - 当前配置文件: settings.json
2025-12-17 18:55:00 - MacroTool - INFO - [录制] 开始... (按 F8 停止)
2025-12-17 18:55:02 - MacroTool - INFO - [录制] 结束。
2025-12-17 18:55:02 - MacroTool - INFO - 宏已保存到 macro.json
2025-12-17 18:55:03 - MacroTool - INFO - [回放] 开始... (按 F9 停止)
2025-12-17 18:55:04 - MacroTool - WARNING - [回放] 正在停止...
2025-12-17 18:55:04 - MacroTool - INFO - [回放] 已停止。
2025-12-17 18:56:15 - MacroTool - INFO - [录制] 开始... (按 F8 停止)
2025-12-17 18:56:16 - MacroTool - WARNING - 正在录制中，请先停止录制。
2025-12-17 18:56:17 - MacroTool - WARNING - 正在录制中，请先停止录制。
2025-12-17 18:56:17 - MacroTool - WARNING - 正在录制中，请先停止录制。
2025-12-17 18:56:17 - MacroTool - WARNING - 正在录制中，请先停止录制。
2025-12-17 18:56:17 - MacroTool - WARNING - 正在录制中，请先停止录制。
2025-12-17 18:56:18 - MacroTool - INFO - [录制] 结束。
2025-12-17 18:56:18 - MacroTool - INFO - 宏已保存到 macro.json
2025-12-17 18:56:19 - MacroTool - INFO - [回放] 开始... (按 F9 停止)
2025-12-17 18:56:19 - MacroTool - WARNING - [回放] 正在停止...
2025-12-17 18:56:19 - MacroTool - INFO - [回放] 已停止。
2025-12-17 18:58:03 - MacroTool - INFO - [1m=== 全能宏工具 (by gogei) ===[0m
2025-12-17 18:58:03 - MacroTool - INFO - 当前配置文件: settings.json
2025-12-17 19:02:16 - MacroTool - INFO - [1m=== 全能宏工具 (by gogei) ===[0m
2025-12-17 19:02:16 - MacroTool - INFO - 当前配置文件: settings.json
2025-12-17 19:02:21 - MacroTool - INFO - [回放] 开始... (按 F9 停止)
2025-12-17 19:02:22 - MacroTool - WARNING - [回放] 正在停止...
2025-12-17 19:02:22 - MacroTool - INFO - [回放] 已停止。
2025-12-17 19:02:24 - MacroTool - INFO - [回放] 开始... (按 F9 停止)
2025-12-17 19:02:25 - MacroTool - WARNING - [回放] 正在停止...
2025-12-17 19:02:25 - MacroTool - INFO - [回放] 已停止。
2025-12-17 19:02:26 - MacroTool - INFO - [录制] 开始... (按 F8 停止)
2025-12-17 19:02:27 - MacroTool - INFO - [录制] 结束。
2025-12-17 19:02:27 - MacroTool - INFO - 宏已保存到 macro.json
2025-12-17 19:02:28 - MacroTool - INFO - [回放] 开始... (按 F9 停止)
2025-12-17 19:02:36 - MacroTool - WARNING - [回放] 正在停止...
2025-12-17 19:02:36 - MacroTool - INFO - [回放] 已停止。
2025-12-17 19:02:51 - MacroTool - INFO - [回放] 开始... (按 F9 停止)
2025-12-17 19:02:58 - MacroTool - WARNING - [回放] 正在停止...
2025-12-17 19:02:58 - MacroTool - INFO - [回放] 已停止。
2025-12-17 19:03:16 - MacroTool - INFO - [设置] 播放速度已增加至: 1.5x
2025-12-17 19:03:17 - MacroTool - INFO - [回放] 开始... (按 F9 停止)
2025-12-17 19:03:22 - MacroTool - WARNING - [回放] 正在停止...
2025-12-17 19:03:22 - MacroTool - INFO - [回放] 已停止。
2025-12-17 19:07:20 - MacroTool - INFO - 程序已启动，配置文件: settings.json
2025-12-17 19:07:29 - MacroTool - INFO - 开始录制
2025-12-17 19:07:30 - MacroTool - INFO - 录制结束
2025-12-17 19:07:30 - MacroTool - INFO - 宏已保存到 macro.json (共 29 个事件)
2025-12-17 19:07:31 - MacroTool - INFO - 开始回放
2025-12-17 19:07:34 - MacroTool - INFO - 回放已停止
2025-12-17 19:08:24 - MacroTool - INFO - 程序已启动，配置文件: settings.json
2025-12-17 19:08:28 - MacroTool - INFO - 开始回放
2025-12-17 19:08:33 - MacroTool - INFO - 回放已停止
2025-12-17 19:08:35 - MacroTool - INFO - 开始录制
2025-12-17 19:08:38 - MacroTool - INFO - 录制结束
2025-12-17 19:08:38 - MacroTool - INFO - 宏已保存到 macro.json (共 78 个事件)
2025-12-17 19:08:39 - MacroTool - INFO - 开始回放
2025-12-17 19:08:44 - MacroTool - INFO - 播放速度已增加至: 1.5x
2025-12-17 19:08:44 - MacroTool - INFO - 播放速度已增加至: 2.0x
2025-12-17 19:08:44 - MacroTool - INFO - 播放速度已增加至: 2.5x
2025-12-17 19:08:45 - MacroTool - INFO - 播放速度已增加至: 3.0x
2025-12-17 19:08:48 - MacroTool - INFO - 回放已停止
2025-12-17 19:08:50 - MacroTool - INFO - 开始回放
2025-12-17 19:08:51 - MacroTool - INFO - 回放已停止
2025-12-17 19:08:52 - MacroTool - INFO - 播放速度已降低至: 2.5x
2025-12-17 19:08:53 - MacroTool - INFO - 播放速度已降低至: 2.0x
2025-12-17 19:08:53 - MacroTool - INFO - 播放速度已降低至: 1.5x
2025-12-17 19:08:53 - MacroTool - INFO - 播放速度已降低至: 1.0x
2025-12-17 19:08:54 - MacroTool - INFO - 播放速度已降低至: 0.5x
2025-12-17 19:08:54 - MacroTool - INFO - 播放速度已增加至: 1.0x
2025-12-17 19:09:43 - MacroTool - INFO - 程序已启动，配置文件: settings.json
2025-12-17 19:09:47 - MacroTool - INFO - 开始回放
2025-12-17 19:09:55 - MacroTool - INFO - 回放已停止
2025-12-17 19:09:57 - MacroTool - INFO - 开始录制
2025-12-17 19:10:00 - MacroTool - INFO - 录制结束
2025-12-17 19:10:00 - MacroTool - INFO - 宏已保存到 macro.json (共 0 个事件)
2025-12-17 19:10:00 - MacroTool - INFO - 开始回放
2025-12-17 19:10:03 - MacroTool - INFO - 回放已停止
2025-12-17 19:11:05 - MacroTool - INFO - 开始回放
2025-12-17 19:11:06 - MacroTool - INFO - 回放已停止
2025-12-17 19:11:09 - MacroTool - INFO - 开始录制
2025-12-17 19:11:11 - MacroTool - INFO - 录制结束
2025-12-17 19:11:11 - MacroTool - INFO - 宏已保存到 macro.json (共 11 个事件)
2025-12-17 19:11:11 - MacroTool - INFO - 开始回放
2025-12-17 19:11:22 - MacroTool - INFO - 回放已停止
